0 info it worked if it ends with ok
1 verbose cli [ '/usr/local/bin/node', '/usr/local/bin/npm', 'publish', './' ]
2 info using npm@2.5.1
3 info using node@v0.12.7
4 verbose node symlink /usr/local/bin/node
5 verbose publish [ './' ]
6 silly cache add args [ './', null ]
7 verbose cache add spec ./
8 silly cache add parsed spec { raw: './',
8 silly cache add   scope: null,
8 silly cache add   name: null,
8 silly cache add   rawSpec: './',
8 silly cache add   spec: '/Users/frankrossi/projects/jeggy-mongoose',
8 silly cache add   type: 'directory' }
9 verbose addLocalDirectory /Users/frankrossi/.npm/jeggy-mongoose/0.7.0/package.tgz not in flight; packing
10 verbose tar pack [ '/Users/frankrossi/.npm/jeggy-mongoose/0.7.0/package.tgz',
10 verbose tar pack   '/Users/frankrossi/projects/jeggy-mongoose' ]
11 verbose tarball /Users/frankrossi/.npm/jeggy-mongoose/0.7.0/package.tgz
12 verbose folder /Users/frankrossi/projects/jeggy-mongoose
13 info prepublish jeggy-mongoose@0.7.0
14 verbose addLocalTarball adding from inside cache /Users/frankrossi/.npm/jeggy-mongoose/0.7.0/package.tgz
15 silly cache afterAdd jeggy-mongoose@0.7.0
16 verbose afterAdd /Users/frankrossi/.npm/jeggy-mongoose/0.7.0/package/package.json not in flight; writing
17 verbose afterAdd /Users/frankrossi/.npm/jeggy-mongoose/0.7.0/package/package.json written
18 silly publish { name: 'jeggy-mongoose',
18 silly publish   version: '0.7.0',
18 silly publish   description: 'Jeggy adapter for mongoose',
18 silly publish   main: 'dist/jeggymongoose.js',
18 silly publish   scripts: { test: 'gulp' },
18 silly publish   repository:
18 silly publish    { type: 'git',
18 silly publish      url: 'https://github.com/davearata/jeggy-mongoose.git' },
18 silly publish   keywords:
18 silly publish    [ 'boilerplate',
18 silly publish      'es6',
18 silly publish      'node',
18 silly publish      'starter',
18 silly publish      'kit',
18 silly publish      'transpile',
18 silly publish      '6to5',
18 silly publish      'babel' ],
18 silly publish   author: { name: 'davearata@dacatech.com' },
18 silly publish   license: 'MIT',
18 silly publish   bugs: { url: 'https://github.com/davearata/jeggy-mongoose/issues' },
18 silly publish   homepage: 'https://github.com/davearata/jeggy-mongoose',
18 silly publish   devDependencies:
18 silly publish    { babel: '^5.4.7',
18 silly publish      'babel-core': '^5.4.7',
18 silly publish      'babel-eslint': '^3.1.17',
18 silly publish      'babel-plugin-object-assign': '^1.1.0',
18 silly publish      browserify: '^10.2.4',
18 silly publish      chai: '^3.0.0',
18 silly publish      del: '^1.2.0',
18 silly publish      esperanto: '^0.7.2',
18 silly publish      faker: '^2.1.5',
18 silly publish      gulp: '^3.9.0',
18 silly publish      'gulp-babel': '^5.1.0',
18 silly publish      'gulp-eslint': '^0.14.0',
18 silly publish      'gulp-file': '^0.2.0',
18 silly publish      'gulp-filter': '^2.0.2',
18 silly publish      'gulp-istanbul': '^0.10.0',
18 silly publish      'gulp-livereload': '^3.8.0',
18 silly publish      'gulp-load-plugins': '^1.0.0-rc.1',
18 silly publish      'gulp-mocha': '^2.1.1',
18 silly publish      'gulp-notify': '^2.2.0',
18 silly publish      'gulp-plumber': '^1.0.1',
18 silly publish      'gulp-rename': '^1.2.2',
18 silly publish      'gulp-sourcemaps': '^1.5.2',
18 silly publish      'gulp-uglifyjs': '^0.6.2',
18 silly publish      isparta: '^3.0.3',
18 silly publish      mocha: '^2.2.5',
18 silly publish      mockery: '^1.4.0',
18 silly publish      'node-libs-browser': '^0.5.2',
18 silly publish      'run-sequence': '^1.1.1',
18 silly publish      sinon: '^1.15.3',
18 silly publish      'sinon-chai': '^2.8.0',
18 silly publish      'vinyl-source-stream': '^1.1.0' },
18 silly publish   dependencies:
18 silly publish    { jeggy: '^0.3.0',
18 silly publish      lodash: '^3.10.1',
18 silly publish      'mongoose-merge-plugin': '0.0.5',
18 silly publish      'mongoose-mob': '^0.2.1' },
18 silly publish   readme: '# jeggy-mongoose\n\nJeggy adapter for mongoose\n\n[![Travis build status](http://img.shields.io/travis/indicium/jeggy-mongoose.svg?style=flat)](https://travis-ci.org/indicium/jeggy-mongoose)\n[![Code Climate](https://codeclimate.com/github/indicium/jeggy-mongoose/badges/gpa.svg)](https://codeclimate.com/github/indicium/jeggy-mongoose)\n[![Test Coverage](https://codeclimate.com/github/indicium/jeggy-mongoose/badges/coverage.svg)](https://codeclimate.com/github/indicium/jeggy-mongoose)\n[![Dependency Status](https://david-dm.org/indicium/jeggy-mongoose.svg)](https://david-dm.org/indicium/jeggy-mongoose)\n[![devDependency Status](https://david-dm.org/indicium/jeggy-mongoose/dev-status.svg)](https://david-dm.org/indicium/jeggy-mongoose#info=devDependencies)\n',
18 silly publish   readmeFilename: 'README.md',
18 silly publish   gitHead: 'eb8a3b6c06a82cc8ce714b9cb0aaca2ab141e340',
18 silly publish   _id: 'jeggy-mongoose@0.7.0',
18 silly publish   _shasum: '38e2f473f5c3a2def1010a89a84c276f44a0841d',
18 silly publish   _from: '.' }
19 silly mapToRegistry name jeggy-mongoose
20 silly mapToRegistry using default registry
21 silly mapToRegistry registry https://registry.npmjs.org/
22 silly mapToRegistry uri https://registry.npmjs.org/jeggy-mongoose
23 verbose publish registryBase https://registry.npmjs.org/
24 silly publish uploading /Users/frankrossi/.npm/jeggy-mongoose/0.7.0/package.tgz
25 verbose request uri https://registry.npmjs.org/jeggy-mongoose
26 verbose request sending authorization for write operation
27 info attempt registry request try #1 at 12:08:53
28 verbose request using bearer token for auth
29 verbose request id 8e30089e36f99312
30 http request PUT https://registry.npmjs.org/jeggy-mongoose
31 http 403 https://registry.npmjs.org/jeggy-mongoose
32 verbose headers { 'content-type': 'application/json',
32 verbose headers   'cache-control': 'max-age=60',
32 verbose headers   'content-length': '106',
32 verbose headers   'accept-ranges': 'bytes',
32 verbose headers   date: 'Thu, 05 Nov 2015 17:08:54 GMT',
32 verbose headers   via: '1.1 varnish',
32 verbose headers   connection: 'keep-alive',
32 verbose headers   'x-served-by': 'cache-atl6234-ATL',
32 verbose headers   'x-cache': 'MISS',
32 verbose headers   'x-cache-hits': '0',
32 verbose headers   'x-timer': 'S1446743334.134054,VS0,VE829' }
33 verbose request invalidating /Users/frankrossi/.npm/registry.npmjs.org/jeggy-mongoose on PUT
34 error publish Failed PUT 403
35 verbose stack Error: You do not have permission to publish 'jeggy-mongoose'. Are you logged in as the correct user? : jeggy-mongoose
35 verbose stack     at CachingRegistryClient.<anonymous> (/usr/local/lib/node_modules/npm/node_modules/npm-registry-client/lib/request.js:254:14)
35 verbose stack     at Request._callback (/usr/local/lib/node_modules/npm/node_modules/npm-registry-client/lib/request.js:178:14)
35 verbose stack     at Request.self.callback (/usr/local/lib/node_modules/npm/node_modules/request/request.js:344:22)
35 verbose stack     at Request.emit (events.js:110:17)
35 verbose stack     at Request.<anonymous> (/usr/local/lib/node_modules/npm/node_modules/request/request.js:1239:14)
35 verbose stack     at Request.emit (events.js:129:20)
35 verbose stack     at IncomingMessage.<anonymous> (/usr/local/lib/node_modules/npm/node_modules/request/request.js:1187:12)
35 verbose stack     at IncomingMessage.emit (events.js:129:20)
35 verbose stack     at _stream_readable.js:908:16
35 verbose stack     at process._tickCallback (node.js:355:11)
36 verbose statusCode 403
37 verbose pkgid jeggy-mongoose
38 verbose cwd /Users/frankrossi/projects/jeggy-mongoose
39 error Darwin 14.4.0
40 error argv "/usr/local/bin/node" "/usr/local/bin/npm" "publish" "./"
41 error node v0.12.7
42 error npm  v2.5.1
43 error code E403
44 error You do not have permission to publish 'jeggy-mongoose'. Are you logged in as the correct user? : jeggy-mongoose
45 error If you need help, you may report this error at:
45 error     <http://github.com/npm/npm/issues>
46 verbose exit [ 1, true ]
